<?xml version="1.0" encoding="UTF-8"?>
<!-- Generated by org.testng.reporters.JUnitReportReporter -->
<testsuite hostname="Ameyas-MBP.fritz.box" failures="0" tests="6" name="api.test.DataDrivenTest" time="8.043" errors="0" timestamp="2025-10-01T15:27:43 CEST" skipped="0">
  <testcase classname="api.test.DataDrivenTest" name="testPostUser" time="1.548"/>
  <testcase classname="api.test.DataDrivenTest" name="testPostUser" time="1.069"/>
  <testcase classname="api.test.DataDrivenTest" name="testPostUser" time="1.534"/>
  <testcase classname="api.test.DataDrivenTest" name="testDeleteUserByName" time="1.432"/>
  <testcase classname="api.test.DataDrivenTest" name="testDeleteUserByName" time="1.223"/>
  <testcase classname="api.test.DataDrivenTest" name="testDeleteUserByName" time="1.237"/>
</testsuite> <!-- api.test.DataDrivenTest -->
