<?xml version="1.0" encoding="UTF-8"?>
<!-- Generated by org.testng.reporters.JUnitReportReporter -->
<testsuite hostname="Ameyas-MBP.fritz.box" failures="0" tests="4" name="api.test.UserTests" time="7.199" errors="0" timestamp="2025-10-01T14:31:07 CEST" skipped="0">
  <testcase classname="api.test.UserTests" name="testPostUser" time="3.985"/>
  <testcase classname="api.test.UserTests" name="testgetUserByName" time="0.956"/>
  <testcase classname="api.test.UserTests" name="testUpdateUserByName" time="1.576"/>
  <testcase classname="api.test.UserTests" name="testDeleteUserByName" time="0.682"/>
</testsuite> <!-- api.test.UserTests -->
