<?xml version="1.0" encoding="UTF-8"?>
<!-- Generated by org.testng.reporters.JUnitReportReporter -->
<testsuite hostname="Ameyas-MBP.fritz.box" failures="0" tests="4" name="api.test.UserTests" time="8.904" errors="0" timestamp="2025-09-30T15:13:43 CEST" skipped="0">
  <testcase classname="api.test.UserTests" name="testPostUser" time="6.265"/>
  <testcase classname="api.test.UserTests" name="testgetUserByName" time="0.778"/>
  <testcase classname="api.test.UserTests" name="testUpdateUserByName" time="1.230"/>
  <testcase classname="api.test.UserTests" name="testDeleteUserByName" time="0.631"/>
</testsuite> <!-- api.test.UserTests -->
