<?xml version="1.0" encoding="UTF-8"?>
<!-- Generated by org.testng.reporters.JUnitReportReporter -->
<testsuite hostname="Ameyas-MBP.fritz.box" failures="0" tests="6" name="api.test.DataDrivenTest" time="6.729" errors="0" timestamp="2025-10-01T14:31:07 CEST" skipped="0">
  <testcase classname="api.test.DataDrivenTest" name="testPostuser" time="0.910"/>
  <testcase classname="api.test.DataDrivenTest" name="testPostuser" time="1.108"/>
  <testcase classname="api.test.DataDrivenTest" name="testPostuser" time="1.021"/>
  <testcase classname="api.test.DataDrivenTest" name="testDeleteUserByName" time="1.296"/>
  <testcase classname="api.test.DataDrivenTest" name="testDeleteUserByName" time="0.813"/>
  <testcase classname="api.test.DataDrivenTest" name="testDeleteUserByName" time="1.581"/>
</testsuite> <!-- api.test.DataDrivenTest -->
