<?xml version="1.0" encoding="UTF-8"?>
<!-- Generated by org.testng.reporters.JUnitReportReporter -->
<testsuite hostname="Ameyas-MBP.fritz.box" failures="0" tests="4" name="api.test.UserTests" time="6.833" errors="0" timestamp="2025-10-01T15:27:43 CEST" skipped="0">
  <testcase classname="api.test.UserTests" name="testPostUser" time="4.002"/>
  <testcase classname="api.test.UserTests" name="testgetUserByName" time="0.897"/>
  <testcase classname="api.test.UserTests" name="testUpdateUserByName" time="1.348"/>
  <testcase classname="api.test.UserTests" name="testDeleteUserByName" time="0.586"/>
</testsuite> <!-- api.test.UserTests -->
