<?xml version="1.0" encoding="UTF-8"?>
<!-- Generated by org.testng.reporters.JUnitReportReporter -->
<testsuite hostname="Ameyas-MBP.fritz.box" failures="0" tests="4" name="api.test.UserTestTwo" time="7.360" errors="0" timestamp="2025-10-01T15:57:27 CEST" skipped="0">
  <testcase classname="api.test.UserTestTwo" name="testPostUser" time="3.824"/>
  <testcase classname="api.test.UserTestTwo" name="testGetUserByName" time="0.648"/>
  <testcase classname="api.test.UserTestTwo" name="testUpdateUserByName" time="1.448"/>
  <testcase classname="api.test.UserTestTwo" name="testDeleteUserByName" time="1.440"/>
</testsuite> <!-- api.test.UserTestTwo -->
